<?xml version="1.0" encoding="UTF-8"?>
<!-- Generated by org.testng.reporters.JUnitReportReporter -->
<testsuite hostname="DESKTOP-RVJV18D" failures="0" tests="12" name="com.project.baseclass.Repair_Test" time="0.008" errors="0" timestamp="2023-10-29T19:10:13 IST" skipped="12">
  <testcase classname="com.project.baseclass.Repair_Test" name="repair" time="0.000">
    <skipped/>
  </testcase> <!-- repair -->
  <testcase classname="com.project.baseclass.Repair_Test" name="repairSelectItem" time="0.000">
    <skipped/>
  </testcase> <!-- repairSelectItem -->
  <testcase classname="com.project.baseclass.Repair_Test" name="repairUpdate" time="0.001">
    <skipped/>
  </testcase> <!-- repairUpdate -->
  <testcase classname="com.project.baseclass.Repair_Test" name="repairVendorName" time="0.006">
    <skipped/>
  </testcase> <!-- repairVendorName -->
  <testcase classname="com.project.baseclass.Repair_Test" name="repairSelectVendor" time="0.000">
    <skipped/>
  </testcase> <!-- repairSelectVendor -->
  <testcase classname="com.project.baseclass.Repair_Test" name="repairQuatation" time="0.000">
    <skipped/>
  </testcase> <!-- repairQuatation -->
  <testcase classname="com.project.baseclass.Repair_Test" name="repairTypeField" time="0.000">
    <skipped/>
  </testcase> <!-- repairTypeField -->
  <testcase classname="com.project.baseclass.Repair_Test" name="repairSelectService" time="0.000">
    <skipped/>
  </testcase> <!-- repairSelectService -->
  <testcase classname="com.project.baseclass.Repair_Test" name="repairGradeField" time="0.000">
    <skipped/>
  </testcase> <!-- repairGradeField -->
  <testcase classname="com.project.baseclass.Repair_Test" name="repairGradeSelect" time="0.000">
    <skipped/>
  </testcase> <!-- repairGradeSelect -->
  <testcase classname="com.project.baseclass.Repair_Test" name="repairSubmit" time="0.001">
    <skipped/>
  </testcase> <!-- repairSubmit -->
  <testcase classname="com.project.baseclass.Repair_Test" name="repairOkButton" time="0.000">
    <skipped/>
  </testcase> <!-- repairOkButton -->
</testsuite> <!-- com.project.baseclass.Repair_Test -->
