<?xml version="1.0" encoding="UTF-8"?>
<!-- Generated by org.testng.reporters.JUnitReportReporter -->
<testsuite hostname="DESKTOP-RVJV18D" failures="0" tests="1" name="com.project.baseclass.BWarehouse_Test" time="5.226" errors="0" timestamp="2023-11-29T21:51:53 IST" skipped="0">
  <testcase classname="com.project.baseclass.BWarehouse_Test" name="clickOnDispositionlinkTest" time="5.226"/>
  <system-out>
    <![CDATA[Logined succussfully]]>
  </system-out>
</testsuite> <!-- com.project.baseclass.BWarehouse_Test -->
