<?xml version="1.0" encoding="UTF-8"?>
<!-- Generated by org.testng.reporters.JUnitReportReporter -->
<testsuite hostname="DESKTOP-RVJV18D" failures="0" tests="1" name="com.project.baseclass.initialiazePage" time="0.016" errors="0" timestamp="2023-09-18T22:10:44 IST" skipped="0">
  <testcase classname="com.project.baseclass.initialiazePage" name="pub" time="0.016"/>
</testsuite> <!-- com.project.baseclass.initialiazePage -->
